<?xml version="1.0" encoding="UTF-8"?>
<!-- Generated by org.testng.reporters.JUnitXMLReporter -->
<testsuite hostname="Romans-MacBook-Pro.local" name="Default test" tests="5" failures="0" timestamp="20 Jul 2015 15:21:41 GMT" time="86.301" errors="0">
  <testcase name="firstTest" time="5.017" classname="com.booking.TestClass"/>
  <testcase name="secondTest" time="15.338" classname="com.booking.TestClass"/>
  <testcase name="thirdTest" time="21.965" classname="com.booking.TestClass"/>
  <testcase name="forthTest" time="10.94" classname="com.booking.TestClass"/>
  <testcase name="fifthTest" time="1.104" classname="com.booking.TestClass"/>
</testsuite> <!-- Default test -->
