<?xml version="1.0" encoding="UTF-8"?>
<!-- Generated by org.testng.reporters.JUnitXMLReporter -->
<testsuite hostname="Romans-MacBook-Pro.local" name="Default test" tests="5" failures="0" timestamp="21 Jul 2015 08:38:35 GMT" time="85.764" errors="0">
  <testcase name="firstTest" time="5.267" classname="com.booking.TestClass"/>
  <testcase name="secondTest" time="15.434" classname="com.booking.TestClass"/>
  <testcase name="thirdTest" time="21.503" classname="com.booking.TestClass"/>
  <testcase name="forthTest" time="11.162" classname="com.booking.TestClass"/>
  <testcase name="fifthTest" time="0.758" classname="com.booking.TestClass"/>
</testsuite> <!-- Default test -->
