<?xml version="1.0" encoding="UTF-8"?>
<testng-results skipped="0" failed="0" total="5" passed="5">
  <reporter-output>
  </reporter-output>
  <suite name="Default suite" duration-ms="85764" started-at="2015-07-21T08:37:10Z" finished-at="2015-07-21T08:38:35Z">
    <groups>
    </groups>
    <test name="Default test" duration-ms="85764" started-at="2015-07-21T08:37:10Z" finished-at="2015-07-21T08:38:35Z">
      <class name="com.booking.TestClass">
        <test-method status="PASS" signature="start()[pri:0, instance:com.booking.TestClass@163dc0bb]" name="start" is-config="true" duration-ms="6783" started-at="2015-07-21T11:37:10Z" finished-at="2015-07-21T11:37:16Z">
          <reporter-output>
          </reporter-output>
        </test-method> <!-- start -->
        <test-method status="PASS" signature="firstTest()[pri:0, instance:com.booking.TestClass@163dc0bb]" name="firstTest" duration-ms="5267" started-at="2015-07-21T11:37:16Z" finished-at="2015-07-21T11:37:22Z">
          <reporter-output>
          </reporter-output>
        </test-method> <!-- firstTest -->
        <test-method status="PASS" signature="drQuit()[pri:0, instance:com.booking.TestClass@163dc0bb]" name="drQuit" is-config="true" duration-ms="150" started-at="2015-07-21T11:37:22Z" finished-at="2015-07-21T11:37:22Z">
          <reporter-output>
          </reporter-output>
        </test-method> <!-- drQuit -->
        <test-method status="PASS" signature="start()[pri:0, instance:com.booking.TestClass@163dc0bb]" name="start" is-config="true" duration-ms="6125" started-at="2015-07-21T11:37:22Z" finished-at="2015-07-21T11:37:28Z">
          <reporter-output>
          </reporter-output>
        </test-method> <!-- start -->
        <test-method status="PASS" signature="secondTest()[pri:0, instance:com.booking.TestClass@163dc0bb]" name="secondTest" duration-ms="15434" started-at="2015-07-21T11:37:28Z" finished-at="2015-07-21T11:37:43Z">
          <reporter-output>
          </reporter-output>
        </test-method> <!-- secondTest -->
        <test-method status="PASS" signature="drQuit()[pri:0, instance:com.booking.TestClass@163dc0bb]" name="drQuit" is-config="true" duration-ms="101" started-at="2015-07-21T11:37:43Z" finished-at="2015-07-21T11:37:44Z">
          <reporter-output>
          </reporter-output>
        </test-method> <!-- drQuit -->
        <test-method status="PASS" signature="start()[pri:0, instance:com.booking.TestClass@163dc0bb]" name="start" is-config="true" duration-ms="6094" started-at="2015-07-21T11:37:44Z" finished-at="2015-07-21T11:37:50Z">
          <reporter-output>
          </reporter-output>
        </test-method> <!-- start -->
        <test-method status="PASS" signature="thirdTest()[pri:0, instance:com.booking.TestClass@163dc0bb]" name="thirdTest" duration-ms="21503" started-at="2015-07-21T11:37:50Z" finished-at="2015-07-21T11:38:11Z">
          <reporter-output>
          </reporter-output>
        </test-method> <!-- thirdTest -->
        <test-method status="PASS" signature="drQuit()[pri:0, instance:com.booking.TestClass@163dc0bb]" name="drQuit" is-config="true" duration-ms="102" started-at="2015-07-21T11:38:11Z" finished-at="2015-07-21T11:38:11Z">
          <reporter-output>
          </reporter-output>
        </test-method> <!-- drQuit -->
        <test-method status="PASS" signature="start()[pri:0, instance:com.booking.TestClass@163dc0bb]" name="start" is-config="true" duration-ms="5874" started-at="2015-07-21T11:38:11Z" finished-at="2015-07-21T11:38:17Z">
          <reporter-output>
          </reporter-output>
        </test-method> <!-- start -->
        <test-method status="PASS" signature="forthTest()[pri:0, instance:com.booking.TestClass@163dc0bb]" name="forthTest" duration-ms="11162" started-at="2015-07-21T11:38:17Z" finished-at="2015-07-21T11:38:28Z">
          <reporter-output>
          </reporter-output>
        </test-method> <!-- forthTest -->
        <test-method status="PASS" signature="drQuit()[pri:0, instance:com.booking.TestClass@163dc0bb]" name="drQuit" is-config="true" duration-ms="189" started-at="2015-07-21T11:38:28Z" finished-at="2015-07-21T11:38:28Z">
          <reporter-output>
          </reporter-output>
        </test-method> <!-- drQuit -->
        <test-method status="PASS" signature="start()[pri:0, instance:com.booking.TestClass@163dc0bb]" name="start" is-config="true" duration-ms="6124" started-at="2015-07-21T11:38:28Z" finished-at="2015-07-21T11:38:35Z">
          <reporter-output>
          </reporter-output>
        </test-method> <!-- start -->
        <test-method status="PASS" signature="fifthTest()[pri:0, instance:com.booking.TestClass@163dc0bb]" name="fifthTest" duration-ms="758" started-at="2015-07-21T11:38:35Z" finished-at="2015-07-21T11:38:35Z">
          <reporter-output>
          </reporter-output>
        </test-method> <!-- fifthTest -->
        <test-method status="PASS" signature="drQuit()[pri:0, instance:com.booking.TestClass@163dc0bb]" name="drQuit" is-config="true" duration-ms="75" started-at="2015-07-21T11:38:35Z" finished-at="2015-07-21T11:38:35Z">
          <reporter-output>
          </reporter-output>
        </test-method> <!-- drQuit -->
        <test-method status="PASS" signature="tearDown()[pri:0, instance:com.booking.TestClass@163dc0bb]" name="tearDown" is-config="true" duration-ms="0" started-at="2015-07-21T11:38:35Z" finished-at="2015-07-21T11:38:35Z">
          <reporter-output>
          </reporter-output>
        </test-method> <!-- tearDown -->
      </class> <!-- com.booking.TestClass -->
    </test> <!-- Default test -->
  </suite> <!-- Default suite -->
</testng-results>
