<?xml version="1.0" encoding="UTF-8"?>
<!-- Generated by org.testng.reporters.JUnitXMLReporter -->
<testsuite hostname="Romans-MacBook-Pro.local" name="first" tests="5" failures="0" timestamp="20 Jul 2015 14:04:51 GMT" time="88.059" errors="0">
  <testcase name="firstTest" time="5.858" classname="com.booking.TestClass"/>
  <testcase name="secondTest" time="15.295" classname="com.booking.TestClass"/>
  <testcase name="thirdTest" time="21.049" classname="com.booking.TestClass"/>
  <testcase name="forthTest" time="11.9" classname="com.booking.TestClass"/>
  <testcase name="fifthTest" time="1.11" classname="com.booking.TestClass"/>
</testsuite> <!-- first -->
